<?xml version="1.0" encoding="UTF-8"?>
<!-- Generated by org.testng.reporters.JUnitXMLReporter -->
<testsuite hostname="DESKTOP-FL19GHR" ignored="0" name="Test" tests="7" failures="0" timestamp="01 Dec 2023 19:25:17 GMT" time="35.196" errors="0">
  <testcase name="loginData" time="1.277" classname="org.addactinhotel.ExecutionClass"/>
  <testcase name="loginPage" time="2.043" classname="org.addactinhotel.ExecutionClass"/>
  <testcase name="booking" time="5.355" classname="org.addactinhotel.ExecutionClass"/>
  <testcase name="searchHotel" time="3.416" classname="org.addactinhotel.ExecutionClass"/>
  <testcase name="finalDataHotel" time="1.281" classname="org.addactinhotel.ExecutionClass"/>
  <testcase name="finalDataHotel" time="0.889" classname="org.addactinhotel.ExecutionClass"/>
  <testcase name="confirmHotel" time="7.008" classname="org.addactinhotel.ExecutionClass"/>
</testsuite> <!-- Test -->
